*** Now run 'make gdb'.
***
6828 decimal is 15254 octal!
entering test_backtrace 5
entering test_backtrace 4
entering test_backtrace 3
entering test_backtrace 2
entering test_backtrace 1
entering test_backtrace 0
ebp f0110f18  eip f01000a5  args 00000000 00000000 00000000 f010004e f0112308 
       kern/init.c:18: test_backtrace+802229788
ebp f0110f38  eip f010007a  args 00000000 00000001 f0110f78 f010004e f0112308 
       kern/init.c:16: test_backtrace+802229820
ebp f0110f58  eip f010007a  args 00000001 00000002 f0110f98 f010004e f0112308 
       kern/init.c:16: test_backtrace+802229852
ebp f0110f78  eip f010007a  args 00000002 00000003 f0110fb8 f010004e f0112308 
       kern/init.c:16: test_backtrace+802229884
ebp f0110f98  eip f010007a  args 00000003 00000004 00000000 f010004e f0112308 
       kern/init.c:16: test_backtrace+802229916
ebp f0110fb8  eip f010007a  args 00000004 00000005 00000000 f010004e f0112308 
       kern/init.c:16: test_backtrace+802229948
ebp f0110fd8  eip f01000fc  args 00000005 00001aac 00000640 00000000 00000000 
       kern/init.c:39: i386_init+802229556
ebp f0110ff8  eip f010003e  args 00000003 00001003 00002003 00003003 00004003 
       kern/entry.S:84: <unknown>+802230020
leaving test_backtrace 0
leaving test_backtrace 1
leaving test_backtrace 2
leaving test_backtrace 3
leaving test_backtrace 4
leaving test_backtrace 5
Welcome to the JOS kernel monitor!
Type 'help' for a list of commands.
qemu: terminating on signal 15 from pid 75709
